<?xml version="1.0" encoding="UTF-8"?>
<!-- Generated by org.testng.reporters.JUnitReportReporter -->
<testsuite hostname="LAPTOP-RATHPUUI" failures="0" tests="1" name="Campaign.ReadDataFromCMDTest" time="0.023" errors="0" timestamp="2025-08-12T17:45:45 IST" skipped="0">
  <testcase classname="Campaign.ReadDataFromCMDTest" name="CMDDataRead" time="0.023"/>
  <system-out/>
</testsuite> <!-- Campaign.ReadDataFromCMDTest -->
