<?xml version="1.0" encoding="UTF-8"?>
<!-- Generated by org.testng.reporters.JUnitReportReporter -->
<testsuite hostname="LAPTOP-RATHPUUI" failures="0" tests="1" name="ImplementationOfUtility.CampaignCreation" time="16.230" errors="0" timestamp="2025-07-26T19:36:56 IST" skipped="0">
  <testcase classname="ImplementationOfUtility.CampaignCreation" name="createCampaign" time="16.230"/>
</testsuite> <!-- ImplementationOfUtility.CampaignCreation -->
