<?xml version="1.0" encoding="UTF-8"?>
<!-- Generated by org.testng.reporters.JUnitReportReporter -->
<testsuite hostname="LAPTOP-RATHPUUI" failures="0" tests="3" name="testngPractice.DataProviderWorking" time="0.022" errors="0" timestamp="2025-07-25T19:32:50 IST" skipped="0">
  <testcase classname="testngPractice.DataProviderWorking" name="login" time="0.001"/>
  <testcase classname="testngPractice.DataProviderWorking" name="login" time="0.020"/>
  <testcase classname="testngPractice.DataProviderWorking" name="login" time="0.001"/>
</testsuite> <!-- testngPractice.DataProviderWorking -->
