<?xml version="1.0" encoding="UTF-8"?>
<!-- Generated by org.testng.reporters.JUnitReportReporter -->
<testsuite hostname="LAPTOP-RATHPUUI" failures="0" tests="3" name="testngPractice.DependsOnExecution" time="0.014" errors="0" timestamp="2025-07-24T20:04:24 IST" skipped="0">
  <testcase classname="testngPractice.DependsOnExecution" name="addCart" time="0.012">
    <system-out>
      <![CDATA[added]]>
    </system-out>
  </testcase> <!-- addCart -->
  <testcase classname="testngPractice.DependsOnExecution" name="editCart" time="0.001">
    <system-out>
      <![CDATA[edited]]>
    </system-out>
  </testcase> <!-- editCart -->
  <testcase classname="testngPractice.DependsOnExecution" name="deleteCart" time="0.001">
    <system-out>
      <![CDATA[deleted]]>
    </system-out>
  </testcase> <!-- deleteCart -->
  <system-out>
    <![CDATA[added
edited
deleted]]>
  </system-out>
</testsuite> <!-- testngPractice.DependsOnExecution -->
