<?xml version="1.0" encoding="UTF-8"?>
<!-- Generated by org.testng.reporters.JUnitReportReporter -->
<testsuite hostname="LAPTOP-RATHPUUI" failures="0" tests="2" name="Campaign.CampaignTest" time="29.520" errors="0" timestamp="2025-08-12T15:18:23 IST" skipped="0">
  <testcase classname="Campaign.CampaignTest" name="createCampaignWithExpectedDate" time="15.730"/>
  <system-out/>
  <testcase classname="Campaign.CampaignTest" name="createCampaignTest" time="13.790"/>
  <system-out/>
</testsuite> <!-- Campaign.CampaignTest -->
