<?xml version="1.0" encoding="UTF-8"?>
<!-- Generated by org.testng.reporters.JUnitReportReporter -->
<testsuite hostname="LAPTOP-RATHPUUI" failures="0" tests="1" name="ImplementationOfUtility.ProductCreation" time="6.970" errors="0" timestamp="2025-07-26T19:42:15 IST" skipped="0">
  <testcase classname="ImplementationOfUtility.ProductCreation" name="productCreation" time="6.970"/>
</testsuite> <!-- ImplementationOfUtility.ProductCreation -->
