<?xml version="1.0" encoding="UTF-8"?>
<!-- Generated by org.testng.reporters.JUnitReportReporter -->
<testsuite hostname="LAPTOP-RATHPUUI" failures="0" tests="2" name="Campaign.CampaignTest" time="29.072" errors="0" timestamp="2025-08-12T15:57:39 IST" skipped="0">
  <testcase classname="Campaign.CampaignTest" name="createCampaignWithExpectedDate" time="14.888"/>
  <system-out/>
  <testcase classname="Campaign.CampaignTest" name="createCampaignTest" time="14.184"/>
  <system-out/>
</testsuite> <!-- Campaign.CampaignTest -->
