<?xml version="1.0" encoding="UTF-8"?>
<!-- Generated by org.testng.reporters.JUnitReportReporter -->
<testsuite hostname="LAPTOP-RATHPUUI" failures="0" tests="4" name="testngPractice.ICwithThreadPoolSize" time="17.102" errors="0" timestamp="2025-07-24T19:42:09 IST" skipped="0">
  <testcase classname="testngPractice.ICwithThreadPoolSize" name="launch" time="3.642"/>
  <testcase classname="testngPractice.ICwithThreadPoolSize" name="launch" time="3.647"/>
  <testcase classname="testngPractice.ICwithThreadPoolSize" name="launch" time="4.868"/>
  <testcase classname="testngPractice.ICwithThreadPoolSize" name="launch" time="4.945"/>
</testsuite> <!-- testngPractice.ICwithThreadPoolSize -->
