<?xml version="1.0" encoding="UTF-8"?>
<!-- Generated by org.testng.reporters.JUnitReportReporter -->
<testsuite hostname="LAPTOP-RATHPUUI" failures="0" tests="3" name="testngPractice.InvokeCountExecute" time="26.318" errors="0" timestamp="2025-07-24T19:31:32 IST" skipped="0">
  <testcase classname="testngPractice.InvokeCountExecute" name="launch" time="3.379"/>
  <testcase classname="testngPractice.InvokeCountExecute" name="launch" time="19.498"/>
  <testcase classname="testngPractice.InvokeCountExecute" name="launch" time="3.441"/>
</testsuite> <!-- testngPractice.InvokeCountExecute -->
