<?xml version="1.0" encoding="UTF-8"?>
<!-- Generated by org.testng.reporters.JUnitReportReporter -->
<testsuite hostname="LAPTOP-RATHPUUI" failures="0" tests="1" name="testngPractice.ConfigurationAnnotations" time="0.007" errors="0" timestamp="2025-07-25T20:03:01 IST" skipped="0">
  <testcase classname="testngPractice.ConfigurationAnnotations" name="demo" time="0.007"/>
</testsuite> <!-- testngPractice.ConfigurationAnnotations -->
