<?xml version="1.0" encoding="UTF-8"?>
<!-- Generated by org.testng.reporters.JUnitReportReporter -->
<testsuite hostname="LAPTOP-RATHPUUI" failures="0" tests="3" name="testngPractice.Demo" time="0.033" errors="0" timestamp="2025-07-23T20:17:21 IST" skipped="0">
  <testcase classname="testngPractice.Demo" name="a23" time="0.002">
    <system-out>
      <![CDATA[a23 executed]]>
    </system-out>
  </testcase> <!-- a23 -->
  <testcase classname="testngPractice.Demo" name="a11" time="0.028">
    <system-out>
      <![CDATA[a11 executed]]>
    </system-out>
  </testcase> <!-- a11 -->
  <testcase classname="testngPractice.Demo" name="b25" time="0.003">
    <system-out>
      <![CDATA[b25 executed]]>
    </system-out>
  </testcase> <!-- b25 -->
  <system-out>
    <![CDATA[a11 executed
a23 executed
b25 executed]]>
  </system-out>
</testsuite> <!-- testngPractice.Demo -->
