<?xml version="1.0" encoding="UTF-8"?>
<!-- Generated by org.testng.reporters.JUnitReportReporter -->
<testsuite hostname="LAPTOP-RATHPUUI" failures="0" tests="3" name="testngPractice.ExecutePriority" time="0.018" errors="0" timestamp="2025-07-24T19:24:27 IST" skipped="0">
  <testcase classname="testngPractice.ExecutePriority" name="sub" time="0.015">
    <system-out>
      <![CDATA[sub]]>
    </system-out>
  </testcase> <!-- sub -->
  <testcase classname="testngPractice.ExecutePriority" name="add" time="0.001">
    <system-out>
      <![CDATA[add]]>
    </system-out>
  </testcase> <!-- add -->
  <testcase classname="testngPractice.ExecutePriority" name="mul" time="0.002">
    <system-out>
      <![CDATA[mul]]>
    </system-out>
  </testcase> <!-- mul -->
  <system-out>
    <![CDATA[sub
add
mul]]>
  </system-out>
</testsuite> <!-- testngPractice.ExecutePriority -->
