<?xml version="1.0" encoding="UTF-8"?>
<!-- Generated by org.testng.reporters.JUnitReportReporter -->
<testsuite hostname="LAPTOP-RATHPUUI" failures="0" tests="3" name="testngPractice.WorkingWithEnabled$Demo" time="0.014" errors="0" timestamp="2025-07-24T19:50:50 IST" skipped="1">
  <testcase classname="testngPractice.WorkingWithEnabled$Demo" name="a11" time="0.012">
    <system-out>
      <![CDATA[a11 executed]]>
    </system-out>
  </testcase> <!-- a11 -->
  <testcase classname="testngPractice.WorkingWithEnabled$Demo" name="b25" time="0.002">
    <system-out>
      <![CDATA[b25 executed]]>
    </system-out>
  </testcase> <!-- b25 -->
  <testcase classname="testngPractice.WorkingWithEnabled$Demo" name="a23">
    <skipped/>
  </testcase> <!-- a23 -->
  <system-out>
    <![CDATA[a11 executed
b25 executed]]>
  </system-out>
</testsuite> <!-- testngPractice.WorkingWithEnabled$Demo -->
