<?xml version="1.0" encoding="UTF-8"?>
<!-- Generated by org.testng.reporters.JUnitReportReporter -->
<testsuite hostname="LAPTOP-RATHPUUI" failures="0" tests="1" name="testngPractice.WorkingWithScreenshot" time="5.973" errors="0" timestamp="2025-07-30T19:53:15 IST" skipped="0">
  <testcase classname="testngPractice.WorkingWithScreenshot" name="takingScreenshot" time="5.973"/>
</testsuite> <!-- testngPractice.WorkingWithScreenshot -->
